<?xml version="1.0" encoding="utf-8"?><testsuites name="pytest tests"><testsuite name="pytest" errors="0" failures="1" skipped="0" tests="37" time="6.101" timestamp="2026-08-24T05:05:32.055726+00:00" hostname="agent-env-ad12f6e3-ebd0-4832-9a3d-6c3cb9dfb35c"><testcase classname="tests.backend_test.TestStrategyGoals" name="test_create_goal_and_persist" time="0.751" /><testcase classname="tests.backend_test.TestAdminUsers" name="test_list_users_spv" time="0.787" /><testcase classname="tests.backend_test.TestStrategyGoals" name="test_invalid_perspective" time="0.085" /><testcase classname="tests.backend_test.TestStrategyGoals" name="test_anggota_cannot_create_goal" time="0.631" /><testcase classname="tests.backend_test.TestAdminUsers" name="test_list_users_anggota_forbidden" time="0.689" /><testcase classname="tests.backend_test.TestStrategyGoals" name="test_anggota_can_read_goals" time="0.045" /><testcase classname="tests.backend_test.TestAdminUsers" name="test_create_user_and_workspace" time="0.415" /><testcase classname="tests.backend_test.TestStrategyGoals" name="test_update_goal" time="0.328" /><testcase classname="tests.backend_test.TestStrategyGoals" name="test_update_missing_goal_404" time="0.086" /><testcase classname="tests.backend_test.TestAdminUsers" name="test_created_user_can_login" time="0.376" /><testcase classname="tests.backend_test.TestStrategyGoals" name="test_cascade_progress_and_health" time="0.343" /><testcase classname="tests.backend_test.TestAdminUsers" name="test_duplicate_email_rejected" time="0.050" /><testcase classname="tests.backend_test.TestStrategyGoals" name="test_delete_goal" time="0.131" /><testcase classname="tests.backend_test.TestAdminUsers" name="test_short_password_rejected" time="0.048" /><testcase classname="tests.backend_test.TestAdminUsers" name="test_invalid_role_rejected" time="0.088" /><testcase classname="tests.backend_test.TestStrategyGoals" name="test_delete_nonexistent_goal" time="0.106" /><testcase classname="tests.backend_test.TestAdminUsers" name="test_update_user_persists" time="0.100" /><testcase classname="tests.backend_test.TestAdminUsers" name="test_update_missing_user_404" time="0.089" /><testcase classname="tests.backend_test.TestOrganization" name="test_get_org" time="0.135" /><testcase classname="tests.backend_test.TestOrganization" name="test_update_org_persists" time="0.318" /><testcase classname="tests.backend_test.TestAdminUsers" name="test_reset_password_and_login" time="1.105" /><testcase classname="tests.backend_test.TestOrganization" name="test_anggota_cannot_update_org" time="0.044" /><testcase classname="tests.backend_test.TestOrganization" name="test_anggota_can_read_org" time="0.087" /><testcase classname="tests.backend_test.TestOrganization" name="test_partial_update_does_not_wipe_lists" time="0.615"><failure message="AssertionError: mission wiped by partial update: []&#10;assert [] == ['m1']&#10;  &#10;  Right contains one more item: 'm1'&#10;  Use -v to get more diff">E   AssertionError: mission wiped by partial update: []
    assert [] == ['m1']
      
      Right contains one more item: 'm1'
      Use -v to get more diff</failure></testcase><testcase classname="tests.backend_test.TestAdminUsers" name="test_reset_password_too_short" time="0.048" /><testcase classname="tests.backend_test.TestAdminUsers" name="test_anggota_cannot_admin" time="0.107" /><testcase classname="tests.backend_test.TestAuth" name="test_me" time="0.194" /><testcase classname="tests.backend_test.TestAuth" name="test_bad_password" time="0.393" /><testcase classname="tests.backend_test.TestAdminUsers" name="test_cannot_delete_self" time="0.049" /><testcase classname="tests.backend_test.TestAdminUsers" name="test_delete_user_cascades" time="0.727" /><testcase classname="tests.backend_test.TestAuth" name="test_login_sets_httponly_cookies" time="0.384" /><testcase classname="tests.backend_test.TestAuth" name="test_unauthenticated_401" time="0.707" /><testcase classname="tests.backend_test.TestAdminUsers" name="test_delete_missing_user_404" time="0.105" /><testcase classname="tests.backend_test.TestRegression" name="test_spv_dashboard" time="0.104" /><testcase classname="tests.backend_test.TestRegression" name="test_anggota_dashboard_forbidden" time="0.057" /><testcase classname="tests.backend_test.TestRegression" name="test_okr_task_habit_flow" time="0.392" /><testcase classname="tests.backend_test.TestRegression" name="test_anggota_cannot_access_other_workspace" time="0.147" /></testsuite></testsuites>